<?xml version="1.0" encoding="UTF-8"?>
<testsuites name="Test_suit01" time="37.496" tests="2" failures="0" errors="0">
   <testsuite name="Test_suit01" tests="2" failures="0" errors="0" time="37.496" timestamp="2020-03-15 20:37:58" hostname="Bijaya Chhetri - BijayaChhetri" id="Test Suites/Test_suit01">
      <properties>
         <property name="deviceName" value=""/>
         <property name="devicePlatform" value=""/>
         <property name="logFolder" value="C:\\Users\\Bijaya Chhetri\\git\\KatalonTest\\Reports\\20200315_203752\\Test_suit01\\20200315_203752"/>
         <property name="logFiles" value="C:\\Users\\Bijaya Chhetri\\git\\KatalonTest\\Reports\\20200315_203752\\Test_suit01\\20200315_203752\\execution0.log"/>
         <property name="attachments" value=""/>
         <property name="hostName" value="Bijaya Chhetri - BijayaChhetri"/>
         <property name="os" value="Windows 10 64bit"/>
         <property name="katalonVersion" value="7.2.1.1"/>
         <property name="browser" value="Chrome 80.0.3987.132"/>
         <property name="hostAddress" value="192.168.99.1"/>
         <property name="sessionId" value="504a7d1a268481bbd85ebb66c1768326"/>
         <property name="seleniumVersion" value="3.141.59"/>
         <property name="proxyInformation" value="ProxyInformation{proxyOption=NO_PROXY, proxyServerType=HTTP, password=, proxyServerAddress=, proxyServerPort=0, executionList=}"/>
         <property name="platform" value="Windows 10"/>
      </properties>
      <testcase name="Test Cases/facebook" time="22.717" classname="Test Cases/facebook" status="PASSED">
         <system-out><![CDATA[2020-03-15 20:37:58 - [TEST_CASE][PASSED] - Test Cases/facebook: Test Cases/facebook

2020-03-15 20:37:59 - [TEST_STEP][PASSED] - callTestCase(findTestCase("Base"), ["username":"admin", "pwd":"admin123", "url":"https://www.facebook.com/"], STOP_ON_FAILURE): Call Test Case 'Test Cases/Base' successfully

2020-03-15 20:37:59 - [TEST_CASE][PASSED] - Test Cases/Base: Test Cases/Base

2020-03-15 20:37:59 - [TEST_STEP][PASSED] - openBrowser(""): Browser is opened with url: ''

2020-03-15 20:37:59 - [MESSAGE][INFO] - Starting 'Chrome' driver

2020-03-15 20:37:59 - [MESSAGE][INFO] - Action delay is set to 0 seconds

2020-03-15 20:38:05 - [MESSAGE][PASSED] - Browser is opened with url: ''

2020-03-15 20:38:05 - [TEST_STEP][PASSED] - navigateToUrl(url): Navigate to 'https://www.facebook.com/' successfully

2020-03-15 20:38:07 - [MESSAGE][PASSED] - Navigate to 'https://www.facebook.com/' successfully

2020-03-15 20:38:07 - [TEST_STEP][PASSED] - maximizeWindow(): Current window maximized

2020-03-15 20:38:11 - [MESSAGE][PASSED] - Current window maximized

2020-03-15 20:38:11 - [MESSAGE][PASSED] - Call Test Case 'Test Cases/Base' successfully

2020-03-15 20:38:11 - [TEST_STEP][PASSED] - setText(findTestObject("page_Facebook - Log In or Sign Up/input_concat(We Couldn  t Create Your Accou_c30576"), username, CONTINUE_ON_FAILURE): Text 'admin' is set on object 'Object Repository/page_Facebook - Log In or Sign Up/input_concat(We Couldn  t Create Your Accou_c30576'

2020-03-15 20:38:12 - [MESSAGE][PASSED] - Text 'admin' is set on object 'Object Repository/page_Facebook - Log In or Sign Up/input_concat(We Couldn  t Create Your Accou_c30576'

2020-03-15 20:38:12 - [TEST_STEP][PASSED] - delay(2): Delayed 2 second(s)

2020-03-15 20:38:14 - [MESSAGE][PASSED] - Delayed 2 second(s)

2020-03-15 20:38:14 - [TEST_STEP][PASSED] - Thread.sleep(3000): null

2020-03-15 20:38:17 - [TEST_STEP][PASSED] - setText(findTestObject("Page_Facebook - Log In or Sign Up/input_concat(We Couldn  t Create Your Accou_c7a02e"), pwd): Text 'admin123' is set on object 'Object Repository/Page_Facebook - Log In or Sign Up/input_concat(We Couldn  t Create Your Accou_c7a02e'

2020-03-15 20:38:17 - [MESSAGE][PASSED] - Text 'admin123' is set on object 'Object Repository/Page_Facebook - Log In or Sign Up/input_concat(We Couldn  t Create Your Accou_c7a02e'

2020-03-15 20:38:17 - [TEST_STEP][PASSED] - Thread.sleep(3000): null

2020-03-15 20:38:20 - [TEST_STEP][PASSED] - setText(findTestObject("Page_Facebook - Log In or Sign Up/input_concat(We Couldn  t Create Your Accou_b078a3"), "484111525"): Text '484111525' is set on object 'Object Repository/Page_Facebook - Log In or Sign Up/input_concat(We Couldn  t Create Your Accou_b078a3'

2020-03-15 20:38:21 - [MESSAGE][PASSED] - Text '484111525' is set on object 'Object Repository/Page_Facebook - Log In or Sign Up/input_concat(We Couldn  t Create Your Accou_b078a3'

2020-03-15 20:38:21 - [TEST_STEP][PASSED] - closeBrowser(): Browser is closed

2020-03-15 20:38:21 - [MESSAGE][PASSED] - Browser is closed]]></system-out>
         <system-err><![CDATA[]]></system-err>
      </testcase>
      <testcase name="Test Cases/ListUserTest" time="14.522" classname="Test Cases/ListUserTest" status="PASSED">
         <system-out><![CDATA[2020-03-15 20:38:21 - [TEST_CASE][PASSED] - Test Cases/ListUserTest: Test Cases/ListUserTest

2020-03-15 20:38:21 - [TEST_STEP][PASSED] - openBrowser(""): Browser is opened with url: ''

2020-03-15 20:38:21 - [MESSAGE][INFO] - Starting 'Chrome' driver

2020-03-15 20:38:26 - [MESSAGE][PASSED] - Browser is opened with url: ''

2020-03-15 20:38:26 - [TEST_STEP][PASSED] - navigateToUrl("https://www.facebook.com/"): Navigate to 'https://www.facebook.com/' successfully

2020-03-15 20:38:28 - [MESSAGE][PASSED] - Navigate to 'https://www.facebook.com/' successfully

2020-03-15 20:38:28 - [TEST_STEP][PASSED] - maximizeWindow(): Current window maximized

2020-03-15 20:38:32 - [MESSAGE][PASSED] - Current window maximized

2020-03-15 20:38:32 - [TEST_STEP][PASSED] - setText(findTestObject("Page_Facebook - Log In or Sign Up/input_concat(We Couldn  t Create Your Accou_c30576"), "bijaya"): Text 'bijaya' is set on object 'Object Repository/Page_Facebook - Log In or Sign Up/input_concat(We Couldn  t Create Your Accou_c30576'

2020-03-15 20:38:32 - [MESSAGE][PASSED] - Text 'bijaya' is set on object 'Object Repository/Page_Facebook - Log In or Sign Up/input_concat(We Couldn  t Create Your Accou_c30576'

2020-03-15 20:38:32 - [TEST_STEP][PASSED] - delay(2): Delayed 2 second(s)

2020-03-15 20:38:34 - [MESSAGE][PASSED] - Delayed 2 second(s)

2020-03-15 20:38:34 - [TEST_STEP][PASSED] - setText(findTestObject("Page_Facebook - Log In or Sign Up/input_concat(We Couldn  t Create Your Accou_c7a02e"), "chhetri"): Text 'chhetri' is set on object 'Object Repository/Page_Facebook - Log In or Sign Up/input_concat(We Couldn  t Create Your Accou_c7a02e'

2020-03-15 20:38:35 - [MESSAGE][PASSED] - Text 'chhetri' is set on object 'Object Repository/Page_Facebook - Log In or Sign Up/input_concat(We Couldn  t Create Your Accou_c7a02e'

2020-03-15 20:38:35 - [TEST_STEP][PASSED] - setText(findTestObject("Page_Facebook - Log In or Sign Up/input_concat(We Couldn  t Create Your Accou_b078a3"), "484111525"): Text '484111525' is set on object 'Object Repository/Page_Facebook - Log In or Sign Up/input_concat(We Couldn  t Create Your Accou_b078a3'

2020-03-15 20:38:35 - [MESSAGE][PASSED] - Text '484111525' is set on object 'Object Repository/Page_Facebook - Log In or Sign Up/input_concat(We Couldn  t Create Your Accou_b078a3'

2020-03-15 20:38:35 - [TEST_STEP][PASSED] - closeBrowser(): Browser is closed

2020-03-15 20:38:36 - [MESSAGE][PASSED] - Browser is closed]]></system-out>
         <system-err><![CDATA[]]></system-err>
      </testcase>
      <system-out><![CDATA[2020-03-15 20:37:58 - [TEST_SUITE][PASSED] - Test_suit01: Test Cases/ListUserTest]]></system-out>
      <system-err><![CDATA[]]></system-err>
   </testsuite>
</testsuites>
